<?xml version="1.0" encoding="UTF-8"?>
<!-- Generated by org.testng.reporters.JUnitReportReporter -->
<testsuite skipped="0" hostname="DESKTOP-QIUO6FV" name="mavenPract.SeleniumTest" tests="1" failures="0" timestamp="2021-06-10T16:31:10 IST" time="0.000" errors="0">
  <testcase name="login" time="0.000" classname="mavenPract.SeleniumTest"/>
  <system-out/>
</testsuite> <!-- mavenPract.SeleniumTest -->
