<?xml version="1.0" encoding="UTF-8"?>
<!-- Generated by org.testng.reporters.JUnitReportReporter -->
<testsuite skipped="0" hostname="DESKTOP-QIUO6FV" name="mavenPract.JavaTest" tests="1" failures="0" timestamp="2021-06-10T16:31:10 IST" time="0.005" errors="0">
  <testcase name="init" time="0.005" classname="mavenPract.JavaTest"/>
  <system-out/>
</testsuite> <!-- mavenPract.JavaTest -->
